2025-12-14 18:20:15,100 - INFO - 
   mean radius  mean texture  mean perimeter  mean area  ...  worst concavity  worst concave points  worst symmetry  worst fractal dimension
0        17.99         10.38          122.80     1001.0  ...           0.7119                0.2654          0.4601                  0.11890
1        20.57         17.77          132.90     1326.0  ...           0.2416                0.1860          0.2750                  0.08902
2        19.69         21.25          130.00     1203.0  ...           0.4504                0.2430          0.3613                  0.08758
3        11.42         20.38           77.58      386.1  ...           0.6869                0.2575          0.6638                  0.17300
4        20.29         14.34          135.10     1297.0  ...           0.4000                0.1625          0.2364                  0.07678

[5 rows x 30 columns]
2025-12-14 18:20:15,119 - INFO - 
       mean radius  mean texture  mean perimeter  ...  worst concave points  worst symmetry  worst fractal dimension
count   569.000000    569.000000      569.000000  ...            569.000000      569.000000               569.000000
mean     14.127292     19.289649       91.969033  ...              0.114606        0.290076                 0.083946
std       3.524049      4.301036       24.298981  ...              0.065732        0.061867                 0.018061
min       6.981000      9.710000       43.790000  ...              0.000000        0.156500                 0.055040
25%      11.700000     16.170000       75.170000  ...              0.064930        0.250400                 0.071460
50%      13.370000     18.840000       86.240000  ...              0.099930        0.282200                 0.080040
75%      15.780000     21.800000      104.100000  ...              0.161400        0.317900                 0.092080
max      28.110000     39.280000      188.500000  ...              0.291000        0.663800                 0.207500

[8 rows x 30 columns]
2025-12-14 18:20:15,119 - INFO - Статистика меток:
2025-12-14 18:20:15,119 - INFO - Уникальные значения: [-1  1]
2025-12-14 18:20:15,120 - INFO - Распределение по классам:
 1    357
-1    212
Name: count, dtype: int64
2025-12-14 18:20:15,139 - INFO - 
       mean radius  mean texture  mean perimeter  ...  worst concave points  worst symmetry  worst fractal dimension
count   569.000000    569.000000      569.000000  ...            569.000000      569.000000               569.000000
mean      0.338222      0.323965        0.332935  ...              0.393836        0.263307                 0.189596
std       0.166787      0.145453        0.167915  ...              0.225884        0.121954                 0.118466
min       0.000000      0.000000        0.000000  ...              0.000000        0.000000                 0.000000
25%       0.223342      0.218465        0.216847  ...              0.223127        0.185098                 0.107700
50%       0.302381      0.308759        0.293345  ...              0.343402        0.247782                 0.163977
75%       0.416442      0.408860        0.416765  ...              0.554639        0.318155                 0.242949
max       1.000000      1.000000        1.000000  ...              1.000000        1.000000                 1.000000

[8 rows x 30 columns]
2025-12-14 18:20:15,140 - INFO - Запустили пайплайн с ядром linear!
2025-12-14 18:20:32,240 - INFO - Обучили OwnSVM!
2025-12-14 18:20:32,251 - INFO - Обучили Sklearn SVM!
2025-12-14 18:20:32,475 - INFO - Отрисовали Confusion matrix!
2025-12-14 18:20:42,590 - INFO - Отрисовали разграничительную полосу и опорные вектора!
2025-12-14 18:20:42,591 - INFO - Запустили пайплайн с ядром poly!
2025-12-14 18:20:49,395 - INFO - Обучили OwnSVM!
2025-12-14 18:20:49,404 - INFO - Обучили Sklearn SVM!
2025-12-14 18:20:49,606 - INFO - Отрисовали Confusion matrix!
2025-12-14 18:21:09,464 - INFO - Отрисовали разграничительную полосу и опорные вектора!
2025-12-14 18:21:09,464 - INFO - Запустили пайплайн с ядром rbf!
2025-12-14 18:21:18,437 - INFO - Обучили OwnSVM!
2025-12-14 18:21:18,459 - INFO - Обучили Sklearn SVM!
2025-12-14 18:21:18,656 - INFO - Отрисовали Confusion matrix!
2025-12-14 18:21:28,961 - INFO - Отрисовали разграничительную полосу и опорные вектора!
