2026-01-13 12:07:45,100 - INFO - Эффективная размерность (95% объяснённой дисперсии) для OwnPCA: 8
2026-01-13 12:07:45,258 - INFO - Эффективная размерность (95% объяснённой дисперсии) для Sklearn PCA: 8
2026-01-13 12:07:45,430 - INFO - Сравнение проекций (OwnPCA vs Sklearn PCA):
2026-01-13 12:07:45,430 - INFO - Объект 1:
2026-01-13 12:07:45,430 - INFO - OwnPCA: 
[-2.14398986  3.32093986 -0.6180396  -0.29043333 -0.65003407  0.39422948
  0.03466934  0.12988343]
2026-01-13 12:07:45,430 - INFO - Sklearn PCA: 
[ 2.14398986  3.32093986 -0.6180396   0.29043333  0.65003407 -0.39422948
  0.03466934  0.12988343]
2026-01-13 12:07:45,430 - INFO - Объект 2:
2026-01-13 12:07:45,430 - INFO - OwnPCA: 
[ 0.38452374 -0.07979196  1.7230394   0.13277693 -1.28950032  1.29499935
 -0.56492629  0.28315679]
2026-01-13 12:07:45,430 - INFO - Sklearn PCA: 
[-0.38452374 -0.07979196  1.7230394  -0.13277693  1.28950032 -1.29499935
 -0.56492629  0.28315679]
2026-01-13 12:07:45,430 - INFO - Объект 3:
2026-01-13 12:07:45,431 - INFO - OwnPCA: 
[-1.69006225  1.98827319  0.456651   -1.28578261 -0.24363411  0.12967813
  0.93288544 -1.91892011]
2026-01-13 12:07:45,431 - INFO - Sklearn PCA: 
[ 1.69006225  1.98827319  0.456651    1.28578261  0.24363411 -0.12967813
  0.93288544 -1.91892011]
2026-01-13 12:07:45,431 - INFO - Объект 4:
2026-01-13 12:07:45,431 - INFO - OwnPCA: 
[-4.63495844 -0.11775295  0.58767723  0.91151938 -1.64153132  0.35487648
  0.82242139  1.08828391]
2026-01-13 12:07:45,431 - INFO - Sklearn PCA: 
[ 4.63495844 -0.11775295  0.58767723 -0.91151938  1.64153132 -0.35487648
  0.82242139  1.08828391]
2026-01-13 12:07:45,431 - INFO - Объект 5:
2026-01-13 12:07:45,431 - INFO - OwnPCA: 
[-1.02807226  0.54403446 -0.82280215 -1.31667979  0.24449755  0.19286131
 -0.04076979 -0.03061175]
2026-01-13 12:07:45,431 - INFO - Sklearn PCA: 
[ 1.02807226  0.54403446 -0.82280215  1.31667979 -0.24449755 -0.19286131
 -0.04076979 -0.03061175]
